0 silly input [ 'test' ]
1 silly flags { _: [ 'run' ],
1 silly flags   'reject-cycles': false,
1 silly flags   rejectCycles: false,
1 silly flags   script: 'test',
1 silly flags   args: [] }
2 verbose rootPath /Users/mm28820/projects/sandbox/esdoc2-plugins
3 info version 2.5.1
4 silly existsSync /Users/mm28820/projects/sandbox/esdoc2-plugins/VERSION
5 silly initialize attempt
6 silly initialize success
7 silly execute attempt
8 silly runScriptInDir test [] esdoc2-accessor-plugin
9 silly getExecOpts { cwd: '/Users/mm28820/projects/sandbox/esdoc2-plugins/packages/esdoc2-accessor-plugin' }
10 silly runScriptInDir test [] esdoc2-brand-plugin
11 silly getExecOpts { cwd: '/Users/mm28820/projects/sandbox/esdoc2-plugins/packages/esdoc2-brand-plugin' }
12 silly runScriptInDir test [] esdoc2-coverage-plugin
13 silly getExecOpts { cwd: '/Users/mm28820/projects/sandbox/esdoc2-plugins/packages/esdoc2-coverage-plugin' }
14 silly runScriptInDir test [] esdoc2-ecmascript-proposal-plugin
15 silly getExecOpts { cwd: '/Users/mm28820/projects/sandbox/esdoc2-plugins/packages/esdoc2-ecmascript-proposal-plugin' }
16 error test Errored while running script in 'esdoc2-accessor-plugin'
17 error execute callback with error
18 error Error: Command failed: npm run test
18 error module.js:529
18 error     throw err;
18 error     ^
18 error
18 error Error: Cannot find module 'esdoc2/out/src/ESDocCLI.js'
18 error     at Function.Module._resolveFilename (module.js:527:15)
18 error     at Function.Module._load (module.js:476:23)
18 error     at Module.require (module.js:568:17)
18 error     at require (internal/module.js:11:18)
18 error     at Object.<anonymous> (/Users/mm28820/projects/sandbox/esdoc2-plugins/packages/esdoc2-accessor-plugin/test/init.js:3:18)
18 error     at Module._compile (module.js:624:30)
18 error     at Object.Module._extensions..js (module.js:635:10)
18 error     at Module.load (module.js:545:32)
18 error     at tryModuleLoad (module.js:508:12)
18 error     at Function.Module._load (module.js:500:3)
18 error     at Module.require (module.js:568:17)
18 error     at require (internal/module.js:11:18)
18 error     at /Users/mm28820/projects/sandbox/esdoc2-plugins/node_modules/mocha/bin/_mocha:311:3
18 error     at Array.forEach (<anonymous>)
18 error     at Object.<anonymous> (/Users/mm28820/projects/sandbox/esdoc2-plugins/node_modules/mocha/bin/_mocha:310:10)
18 error     at Module._compile (module.js:624:30)
18 error     at Object.Module._extensions..js (module.js:635:10)
18 error     at Module.load (module.js:545:32)
18 error     at tryModuleLoad (module.js:508:12)
18 error     at Function.Module._load (module.js:500:3)
18 error     at Function.Module.runMain (module.js:665:10)
18 error     at startup (bootstrap_node.js:187:16)
18 error     at bootstrap_node.js:608:3
18 error npm ERR! code ELIFECYCLE
18 error npm ERR! errno 1
18 error npm ERR! esdoc2-accessor-plugin@1.0.0 test: `rm -rf ./test/out && mocha --require ./test/init.js $(find test/ -regex '.*.test.js$') -R spec`
18 error npm ERR! Exit status 1
18 error npm ERR!
18 error npm ERR! Failed at the esdoc2-accessor-plugin@1.0.0 test script.
18 error npm ERR! This is probably not a problem with npm. There is likely additional logging output above.
18 error npm WARN Local package.json exists, but node_modules missing, did you mean to install?
18 error
18 error npm ERR! A complete log of this run can be found in:
18 error npm ERR!     /Users/mm28820/.npm/_logs/2017-11-10T19_12_23_429Z-debug.log
18 error
18 error > esdoc2-accessor-plugin@1.0.0 test /Users/mm28820/projects/sandbox/esdoc2-plugins/packages/esdoc2-accessor-plugin
18 error > rm -rf ./test/out && mocha --require ./test/init.js $(find test/ -regex '.*.test.js$') -R spec
18 error
18 error
18 error     at Promise.all.then.arr (/Users/mm28820/projects/sandbox/esdoc2-plugins/node_modules/execa/index.js:236:11)
18 error     at <anonymous>
